number,value,datetime_start,datetime_complete,duration,params_bagging_fraction,params_bagging_freq,params_feature_fraction,params_lambda_l1,params_lambda_l2,params_learning_rate,params_max_depth,params_min_child_samples,params_num_leaves,state,elapsed_s
190,496.2984535725424,2026-05-10 09:09:39.450095,2026-05-10 09:09:40.506932,0 days 00:00:01.056837,0.5594826662351275,1,0.9917198689471257,0.5372337388518821,3.281472758005288,0.09502830724759556,4,32,181,COMPLETE,1.056837
191,471.2485801423204,2026-05-10 09:09:40.600399,2026-05-10 09:09:41.622839,0 days 00:00:01.022440,0.529980591136961,1,0.944637007405818,0.0003839698658641854,0.04323678460172011,0.1278257054128034,4,25,195,COMPLETE,1.02244
192,491.4013347064646,2026-05-10 09:09:41.723504,2026-05-10 09:09:43.539571,0 days 00:00:01.816067,0.5259016024679507,1,0.9460769513715029,0.00036332474806915593,0.041904384524772534,0.006481571824124197,4,23,193,COMPLETE,1.816067
193,479.98211676940565,2026-05-10 09:09:43.606616,2026-05-10 09:09:44.725923,0 days 00:00:01.119307,0.5349286819860517,1,0.9644497338162914,0.0002380104632201916,0.0217950384852338,0.12965459587951783,4,28,200,COMPLETE,1.119307
194,484.8119033759056,2026-05-10 09:09:44.822893,2026-05-10 09:09:45.869991,0 days 00:00:01.047098,0.5103296896946631,1,0.9556057170721501,0.0004440302740510717,0.03636068183009193,0.16193108828491892,5,26,203,COMPLETE,1.047098
195,484.84016895083323,2026-05-10 09:09:45.966881,2026-05-10 09:09:46.958027,0 days 00:00:00.991146,0.5593164592108802,1,0.9794264849845875,0.0007470396798173587,0.0743810995682782,0.11584425183738238,3,30,196,COMPLETE,0.991146
196,484.42987398338073,2026-05-10 09:09:47.049085,2026-05-10 09:09:48.045203,0 days 00:00:00.996118,0.5242749428717256,1,0.9388665466816801,0.000309661996332329,1.1258259034162268,0.1539669500662358,4,24,211,COMPLETE,0.996118
197,474.6175972295831,2026-05-10 09:09:48.139342,2026-05-10 09:09:49.172016,0 days 00:00:01.032674,0.5400150664886212,1,0.9674236654799274,0.0005675425996103361,0.02778770587253588,0.17994539380902336,4,27,189,COMPLETE,1.032674
198,493.2227934914678,2026-05-10 09:09:49.264721,2026-05-10 09:09:50.365558,0 days 00:00:01.100837,0.5487481611004484,1,0.9707469106845874,0.000612048925332867,0.05265225388814193,0.10115758437495423,4,34,187,COMPLETE,1.100837
199,482.0810395396852,2026-05-10 09:09:50.467884,2026-05-10 09:09:51.466919,0 days 00:00:00.999035,0.5688671980516586,1,0.9851968479716434,0.0008118578169228402,0.09988571626197248,0.18516708583611116,4,28,192,COMPLETE,0.999035
