number,value,datetime_start,datetime_complete,duration,params_bagging_fraction,params_bagging_freq,params_feature_fraction,params_lambda_l1,params_lambda_l2,params_learning_rate,params_max_depth,params_min_child_samples,params_num_leaves,state,elapsed_s
95,502.3447767410456,2026-05-10 07:22:45.670722,2026-05-10 07:22:47.446291,0 days 00:00:01.775569,0.9995534801234836,0,0.8804484211856562,0.0004251076177728451,2.4823633277768713,0.08936962244732372,7,31,183,COMPLETE,1.775569
96,513.2023725512954,2026-05-10 07:22:47.627396,2026-05-10 07:22:52.727322,0 days 00:00:05.099926,0.7298547551750136,2,0.9567208613484787,0.00014225740314774968,0.018199739129365785,0.17164944824005662,8,5,237,COMPLETE,5.099926
97,524.1743297937918,2026-05-10 07:22:52.896481,2026-05-10 07:22:54.638446,0 days 00:00:01.741965,0.5663230676623365,1,0.9230985894874695,0.0006775979020306775,0.640092085001133,0.12741366493174905,10,49,205,COMPLETE,1.741965
98,527.1992156229194,2026-05-10 07:22:54.753387,2026-05-10 07:22:56.400706,0 days 00:00:01.647319,0.5268947619558318,1,0.9829718838171422,0.006299101644783905,1.9473217114547536,0.09975175533653032,11,63,190,COMPLETE,1.647319
99,541.7810879931458,2026-05-10 07:22:56.504377,2026-05-10 07:23:00.215777,0 days 00:00:03.711400,0.510313608209095,0,0.6218662545171041,0.05792630477735166,1.083365790666334,0.2018688026700607,9,10,175,COMPLETE,3.7114
100,493.68344165589644,2026-05-10 09:07:43.810313,2026-05-10 09:07:45.378618,0 days 00:00:01.568305,0.5824317223548098,2,0.6846882345474037,0.02753977947681749,3.3301495474286504,0.08031415014229815,9,16,227,COMPLETE,1.568305
101,487.16926515840834,2026-05-10 09:07:45.461603,2026-05-10 09:07:46.499751,0 days 00:00:01.038148,0.5496979127537746,1,0.9752998948873575,0.00028346371166928705,1.950598142112375,0.2393238535002335,10,21,193,COMPLETE,1.038148
102,488.22440033214264,2026-05-10 09:07:46.796505,2026-05-10 09:07:47.877890,0 days 00:00:01.081385,0.5364876775094086,1,0.9412729116599079,0.00034284788493574086,0.0007712539257029382,0.19097973655114758,10,20,188,COMPLETE,1.081385
103,478.082243648594,2026-05-10 09:07:47.951178,2026-05-10 09:07:49.219347,0 days 00:00:01.268169,0.5437666213478344,1,0.9646938911762345,0.00018060963890121772,4.65958659702989,0.14886767809191617,11,28,149,COMPLETE,1.268169
104,476.2308243134027,2026-05-10 09:07:49.300780,2026-05-10 09:07:50.513813,0 days 00:00:01.213033,0.5589974839334056,1,0.9997382735670314,0.00017912928355464107,0.05506931099733743,0.15180396953816205,11,28,139,COMPLETE,1.213033
105,489.8356486475838,2026-05-10 09:07:50.609127,2026-05-10 09:07:51.774273,0 days 00:00:01.165146,0.5546112569201953,1,0.9936431302694521,0.0001826862817697226,0.047938435781863506,0.15280884838623124,11,28,147,COMPLETE,1.165146
106,504.6852143993834,2026-05-10 09:07:51.893065,2026-05-10 09:07:53.094189,0 days 00:00:01.201124,0.5705137598248663,0,0.9659376503533643,0.00019724794542235846,0.07690281545479222,0.11768459826624567,12,34,137,COMPLETE,1.201124
107,482.37770321785547,2026-05-10 09:07:53.166326,2026-05-10 09:07:54.347854,0 days 00:00:01.181528,0.520261349108116,1,0.9515729071688418,0.0001574478854181251,0.03830629792669957,0.16531968980617867,11,26,154,COMPLETE,1.181528
108,492.195505589204,2026-05-10 09:07:54.434663,2026-05-10 09:07:55.598240,0 days 00:00:01.163577,0.5338911167076358,2,0.9646201884871584,0.00023428847102050938,4.363143959195649,0.29937074563299526,11,30,128,COMPLETE,1.163577
109,496.9114242465386,2026-05-10 09:07:55.684523,2026-05-10 09:07:57.060566,0 days 00:00:01.376043,0.5104129892483003,1,0.9832552366369469,0.00012362739509519507,0.13199622423391447,0.22353070940166986,12,43,163,COMPLETE,1.376043
110,509.25563356656204,2026-05-10 09:07:57.142222,2026-05-10 09:07:58.352673,0 days 00:00:01.210451,0.5610392842347282,0,0.9989369839364881,0.00010222893869685065,9.315666345772176,0.1421425705048397,11,59,138,COMPLETE,1.210451
111,491.8527168218604,2026-05-10 09:07:58.435007,2026-05-10 09:07:59.540789,0 days 00:00:01.105782,0.5429618775918806,1,0.7735099040219441,0.0015140004226833073,0.06305746600539995,0.11230985365112656,11,23,121,COMPLETE,1.105782
112,492.1029369862348,2026-05-10 09:07:59.617364,2026-05-10 09:08:00.717876,0 days 00:00:01.100512,0.5744305696446246,1,0.9303286327885152,0.00043465344421556506,2.974248721101267,0.17159208532122172,10,27,66,COMPLETE,1.100512
113,479.46650033015396,2026-05-10 09:08:00.841866,2026-05-10 09:08:01.973638,0 days 00:00:01.131772,0.5246944041396334,1,0.9134977045967124,0.0008453032656366411,0.023848996733574723,0.13819616098342716,11,24,159,COMPLETE,1.131772
114,640.6653617659521,2026-05-10 09:08:02.079591,2026-05-10 09:08:05.973111,0 days 00:00:03.893520,0.5244171867205554,1,0.9149076483770211,0.0010348789139477785,0.013185661721983112,0.0012412402778562022,11,25,150,COMPLETE,3.89352
115,507.8993803871331,2026-05-10 09:08:06.125850,2026-05-10 09:08:07.264195,0 days 00:00:01.138345,0.5000877863069674,1,0.9500949392217861,0.000908249762711896,0.026225698339031333,0.2552040274969913,11,19,169,COMPLETE,1.138345
116,493.11206061346945,2026-05-10 09:08:07.335146,2026-05-10 09:08:08.387055,0 days 00:00:01.051909,0.5920606269786084,1,0.9356914824651862,0.0020568292886342715,0.006148967243785903,0.14806091497414564,12,34,161,COMPLETE,1.051909
117,478.1684615649013,2026-05-10 09:08:08.475487,2026-05-10 09:08:09.744727,0 days 00:00:01.269240,0.5556477961912576,1,0.9740770625205243,0.0005413549112684719,0.030256029888082295,0.19911609992447854,11,29,158,COMPLETE,1.26924
118,489.46051170173604,2026-05-10 09:08:09.834859,2026-05-10 09:08:10.863402,0 days 00:00:01.028543,0.5590579014180698,1,0.9769633428577652,0.000525091744163577,0.03824045576839608,0.18541708584617506,12,32,145,COMPLETE,1.028543
119,493.5905867003894,2026-05-10 09:08:10.959403,2026-05-10 09:08:11.984771,0 days 00:00:01.025368,0.8731822659953754,1,0.9593764843323995,0.001335159684884895,0.018599025618478753,0.2045619473168405,11,38,133,COMPLETE,1.025368
120,495.10830639723565,2026-05-10 09:08:12.084329,2026-05-10 09:08:13.142350,0 days 00:00:01.058021,0.5170284143083671,1,0.988765063876716,0.0006373749647426422,0.012931778791719471,0.26315171634173734,11,22,156,COMPLETE,1.058021
121,479.5083657163447,2026-05-10 09:08:13.217222,2026-05-10 09:08:14.351637,0 days 00:00:01.134415,0.5387314516079167,1,0.9717637777411247,0.0003299856292540471,0.03033477343461103,0.13345131344881572,10,28,172,COMPLETE,1.134415
122,485.7695564675181,2026-05-10 09:08:14.450885,2026-05-10 09:08:15.515343,0 days 00:00:01.064458,0.5524431203367398,1,0.9704778232081236,0.00035876599547336475,0.06166738120275593,0.13093788727712863,11,30,173,COMPLETE,1.064458
123,478.51652186283553,2026-05-10 09:08:15.600786,2026-05-10 09:08:16.692089,0 days 00:00:01.091303,0.5286081707052558,1,0.9471690804393522,0.0004813564636264723,0.027723656527435914,0.15920238077167104,10,25,159,COMPLETE,1.091303
124,493.1411947061948,2026-05-10 09:08:16.775693,2026-05-10 09:08:18.313245,0 days 00:00:01.537552,0.5279170430871126,1,0.9450242918389118,0.0027562712043284676,0.023959500673827832,0.017572647947176705,11,25,160,COMPLETE,1.537552
125,524.2153879674286,2026-05-10 09:08:18.409236,2026-05-10 09:08:19.381797,0 days 00:00:00.972561,0.5792733158801271,0,0.9597383883900894,0.0008055711329508972,0.008730511638355117,0.22346628215868686,10,68,152,COMPLETE,0.972561
126,483.24121786041997,2026-05-10 09:08:19.467762,2026-05-10 09:08:20.628485,0 days 00:00:01.160723,0.565248124224201,1,0.9834823387305957,0.0004795304396747982,0.03426234988951318,0.16581583197852104,11,17,166,COMPLETE,1.160723
127,512.8884367302082,2026-05-10 09:08:20.716744,2026-05-10 09:08:21.857446,0 days 00:00:01.140702,0.5082370786107757,0,0.5701499211580523,0.00021969780693524278,0.1094659412856758,0.1914582484056218,10,20,139,COMPLETE,1.140702
128,482.35281613561057,2026-05-10 09:08:21.941940,2026-05-10 09:08:23.291905,0 days 00:00:01.349965,0.5448604735082236,1,0.9465396347822543,0.012087651966730253,0.016098841140251147,0.15227062594475926,9,23,148,COMPLETE,1.349965
129,487.1859298250016,2026-05-10 09:08:23.375135,2026-05-10 09:08:24.671025,0 days 00:00:01.295890,0.5223623890411448,2,0.9345475793257423,0.0005999104932501584,0.04592646780453419,0.10610406113172972,12,18,157,COMPLETE,1.29589
130,502.83512955645045,2026-05-10 09:08:24.749965,2026-05-10 09:08:26.014284,0 days 00:00:01.264319,0.5522429080876218,1,0.9993010584683847,0.0007318859864516036,0.021602468242741667,0.21829277569256617,11,12,142,COMPLETE,1.264319
131,484.35751030205677,2026-05-10 09:08:26.091964,2026-05-10 09:08:27.402453,0 days 00:00:01.310489,0.5354283795573509,1,0.9677121380591978,0.0003410000710973965,0.029626180093043436,0.1371016113170818,10,27,176,COMPLETE,1.310489
132,480.33785928546786,2026-05-10 09:08:27.483315,2026-05-10 09:08:28.583571,0 days 00:00:01.100256,0.538465927047241,1,0.9529492964952514,0.00045258031192570446,0.05005057229895148,0.1176061707182918,10,28,169,COMPLETE,1.100256
133,488.02337155809283,2026-05-10 09:08:28.668946,2026-05-10 09:08:29.752381,0 days 00:00:01.083435,0.5292363767867349,1,0.9856247202686728,0.00030099843338385985,0.03243380269336324,0.170226071783075,10,24,214,COMPLETE,1.083435
134,485.798169414103,2026-05-10 09:08:29.859039,2026-05-10 09:08:31.010470,0 days 00:00:01.151431,0.5175663624221446,1,0.9728459858874405,0.00019021287862273938,0.08222084624094703,0.14837944941598064,11,31,165,COMPLETE,1.151431
135,479.11123926220955,2026-05-10 09:08:31.117838,2026-05-10 09:08:32.410739,0 days 00:00:01.292901,0.5406114713836656,1,0.9238419081389699,0.0010109563759480036,0.2104058860739096,0.19855279876103282,10,21,199,COMPLETE,1.292901
136,492.8948854201577,2026-05-10 09:08:32.525909,2026-05-10 09:08:33.565840,0 days 00:00:01.039931,0.5640350005073849,1,0.9172058717573054,0.001022030280221692,0.2947148823135936,0.26350060410731396,9,15,183,COMPLETE,1.039931
137,483.9837041848688,2026-05-10 09:08:33.650800,2026-05-10 09:08:34.638117,0 days 00:00:00.987317,0.5500715638482385,1,0.8886548060962081,0.0015912111936706521,0.20614137312468753,0.19429297916583887,10,21,221,COMPLETE,0.987317
138,485.49721299003716,2026-05-10 09:08:34.725357,2026-05-10 09:08:35.788183,0 days 00:00:01.062826,0.5733367249440718,1,0.9049581929133045,0.0009179255045137006,6.2769566290858885,0.24144062880567457,11,22,197,COMPLETE,1.062826
139,507.54778466164424,2026-05-10 09:08:35.866520,2026-05-10 09:08:36.878086,0 days 00:00:01.011566,0.7693957630776054,7,0.9277893327875933,0.0005702969273673135,1.4280023217837516,0.18120192241055003,10,25,210,COMPLETE,1.011566
140,489.5136931216528,2026-05-10 09:08:36.958170,2026-05-10 09:08:38.045844,0 days 00:00:01.087674,0.5134163034690867,2,0.9397097032035636,0.005075248409081201,0.5120189889293753,0.2054531495104652,8,18,152,COMPLETE,1.087674
141,479.15192109467455,2026-05-10 09:08:38.133490,2026-05-10 09:08:39.230442,0 days 00:00:01.096952,0.5423659186655272,1,0.9599593674448352,0.0003923249315344733,0.1019247143864208,0.13015887207544868,10,26,203,COMPLETE,1.096952
142,473.83990932421887,2026-05-10 09:08:39.318002,2026-05-10 09:08:40.440944,0 days 00:00:01.122942,0.5424622446018956,1,0.9564857207332603,0.0004331094624764333,0.08971733272339169,0.15557042169145788,10,26,204,COMPLETE,1.122942
143,477.94273581187446,2026-05-10 09:08:40.524472,2026-05-10 09:08:41.622874,0 days 00:00:01.098402,0.5439984206628637,1,0.9598535452213144,0.0004757600651711409,0.09216953206349979,0.16916165600966585,10,29,204,COMPLETE,1.098402
144,482.4804750753128,2026-05-10 09:08:41.718104,2026-05-10 09:08:42.909507,0 days 00:00:01.191403,0.5572799256178836,1,0.9541315895065609,0.00026588475945383877,0.10935516280353628,0.16389388599814417,10,30,205,COMPLETE,1.191403
145,493.30770191022305,2026-05-10 09:08:43.000308,2026-05-10 09:08:44.189260,0 days 00:00:01.188952,0.5440234766833557,1,0.9652238832412988,0.00042688800884110395,0.059645936598798834,0.12024682518142002,9,33,200,COMPLETE,1.188952
146,494.9934373725249,2026-05-10 09:08:44.292236,2026-05-10 09:08:45.454235,0 days 00:00:01.161999,0.5680659105583621,1,0.9789096315830376,0.0003704940515295861,0.18797461465745363,0.22680194753074764,10,26,208,COMPLETE,1.161999
147,529.1832441740864,2026-05-10 09:08:45.543293,2026-05-10 09:08:46.674928,0 days 00:00:01.131635,0.5880164962335028,0,0.5378753605882638,0.00013733090961405486,0.08452553584633814,0.15849998520654018,10,29,217,COMPLETE,1.131635
148,485.32560210620784,2026-05-10 09:08:46.774501,2026-05-10 09:08:47.972593,0 days 00:00:01.198092,0.5451842955565139,1,0.9904244183561621,0.00024317612306111214,0.12778129243380873,0.09924646882382061,9,21,196,COMPLETE,1.198092
149,476.8427709625242,2026-05-10 09:08:48.082590,2026-05-10 09:08:49.267133,0 days 00:00:01.184543,0.5316921306195543,1,0.9586089157295183,0.0005125795427215883,0.09836090734055192,0.17776944392772803,10,26,192,COMPLETE,1.184543
150,505.5359904126264,2026-05-10 09:08:49.359184,2026-05-10 09:08:50.610185,0 days 00:00:01.251001,0.6011743100864299,2,0.9506957965979862,0.0005104684238605285,0.1556435210351558,0.28290240650275394,10,35,191,COMPLETE,1.251001
151,485.2341540129861,2026-05-10 09:08:50.691956,2026-05-10 09:08:51.719082,0 days 00:00:01.027126,0.5289604451204992,1,0.9619160037633506,0.0004225853471450475,0.09894474591445286,0.20481390328684482,10,26,203,COMPLETE,1.027126
152,483.779122639665,2026-05-10 09:08:51.808581,2026-05-10 09:08:52.951669,0 days 00:00:01.143088,0.5546201077649164,5,0.9411544479086411,0.0006414108478699782,0.07677991851031563,0.17626173431914263,10,27,211,COMPLETE,1.143088
153,494.6401832246589,2026-05-10 09:08:53.033642,2026-05-10 09:08:54.332730,0 days 00:00:01.299088,0.5336535550513111,1,0.9785918516229464,0.00018852518669195707,0.05176558734629377,0.027192894444770525,10,22,201,COMPLETE,1.299088
154,498.0277117382748,2026-05-10 09:08:54.416237,2026-05-10 09:08:55.479790,0 days 00:00:01.063553,0.544579174893707,6,0.9609989954931408,0.007077083944497081,0.07105027108091337,0.1503684088944973,11,32,189,COMPLETE,1.063553
155,481.89231432611075,2026-05-10 09:08:55.566116,2026-05-10 09:08:56.647036,0 days 00:00:01.080920,0.5088559260108854,1,0.9467845328377258,0.018634881809370507,0.1272370674062028,0.12626661287178703,10,19,196,COMPLETE,1.08092
156,622.6711332071527,2026-05-10 09:08:56.936679,2026-05-10 09:08:57.924498,0 days 00:00:00.987819,0.5607004391362198,1,0.8053490431450553,0.0002709903752617564,0.04103340677472426,0.2345103103504155,9,84,207,COMPLETE,0.987819
157,486.2866513330755,2026-05-10 09:08:58.008281,2026-05-10 09:08:59.025649,0 days 00:00:01.017368,0.5204480575352807,1,0.9902160470517694,0.0007026791170676647,0.09623769168049584,0.17628191757215145,11,29,185,COMPLETE,1.017368
158,477.5818336226019,2026-05-10 09:08:59.108241,2026-05-10 09:09:00.173593,0 days 00:00:01.065352,0.5315090319916356,1,0.9334474965713344,0.67333868193496,0.0579612753452837,0.14650227244157288,10,24,193,COMPLETE,1.065352
159,502.8217021189894,2026-05-10 09:09:00.350253,2026-05-10 09:09:02.834616,0 days 00:00:02.484363,0.5326979360084891,1,0.9266129469510941,0.4077386332136281,0.05835727100904992,0.0036387554537520685,10,23,192,COMPLETE,2.484363
160,501.39727301895783,2026-05-10 09:09:02.917247,2026-05-10 09:09:04.082249,0 days 00:00:01.165002,0.579578548851478,1,0.9330361594671606,4.519438076564329,2.4631937210854713,0.15811506285864155,9,7,198,COMPLETE,1.165002
161,477.5610619116089,2026-05-10 09:09:04.203507,2026-05-10 09:09:05.275085,0 days 00:00:01.071578,0.5513774442740933,1,0.9719451249545222,0.8192017765757199,0.1741312157137481,0.14256757789851807,10,25,211,COMPLETE,1.071578
162,488.32583555712154,2026-05-10 09:09:05.358326,2026-05-10 09:09:06.442886,0 days 00:00:01.084560,0.7003160737673962,1,0.978700795624374,0.6578625724791688,0.28456279984775773,0.19915166568978832,10,25,216,COMPLETE,1.08456
163,489.36053537438727,2026-05-10 09:09:06.525485,2026-05-10 09:09:07.650812,0 days 00:00:01.125327,0.5517663768200073,1,0.9700563887396136,1.4789430865447732,0.041802051973701765,0.15640327652037755,10,20,227,COMPLETE,1.125327
164,483.9885028089199,2026-05-10 09:09:07.732621,2026-05-10 09:09:08.851258,0 days 00:00:01.118637,0.5265067529687624,1,0.9999252566011303,0.6769462621504662,0.06451187298302861,0.14319461035855813,11,23,180,COMPLETE,1.118637
165,487.3210799241988,2026-05-10 09:09:08.942500,2026-05-10 09:09:10.026404,0 days 00:00:01.083904,0.5018293466693021,1,0.9415851117405826,5.929126606194452,0.19345838288638345,0.18355503883049437,10,28,221,COMPLETE,1.083904
166,482.17538612428314,2026-05-10 09:09:10.116917,2026-05-10 09:09:11.285612,0 days 00:00:01.168695,0.5618076128275434,1,0.9536200114786606,2.74723680669511,0.14902922481984276,0.11288543609766587,11,24,213,COMPLETE,1.168695
167,490.6609123352361,2026-05-10 09:09:11.366798,2026-05-10 09:09:12.410393,0 days 00:00:01.043595,0.517627514090159,1,0.9712682455115573,0.045346086471084235,0.0753376383537838,0.220515517197006,6,16,206,COMPLETE,1.043595
168,489.7407817510364,2026-05-10 09:09:12.523408,2026-05-10 09:09:13.608616,0 days 00:00:01.085208,0.5383406898090923,1,0.988011073358225,9.745346969908187,4.154060949902222,0.16753593732587418,9,31,193,COMPLETE,1.085208
169,509.68242147417243,2026-05-10 09:09:13.716907,2026-05-10 09:09:14.836224,0 days 00:00:01.119317,0.5500929056925977,0,0.9574105297804729,0.11330340110719433,5.425410027319243,0.14041045911468866,10,21,187,COMPLETE,1.119317
170,484.96917752326044,2026-05-10 09:09:14.916980,2026-05-10 09:09:15.904493,0 days 00:00:00.987513,0.5676519672506348,1,0.9376652441727122,0.19722702092299454,0.23533063184298866,0.19993354601108823,11,27,107,COMPLETE,0.987513
171,472.19334953678447,2026-05-10 09:09:15.991549,2026-05-10 09:09:17.060238,0 days 00:00:01.068689,0.5441629849579003,1,0.9616795692739086,0.3083104211423771,0.11369979278033931,0.1217110164624096,10,26,199,COMPLETE,1.068689
172,482.30496245402736,2026-05-10 09:09:17.150028,2026-05-10 09:09:18.236222,0 days 00:00:01.086194,0.5293859160070755,1,0.9674802926189967,0.28614054152582596,0.10645743213820758,0.12601064087368347,10,25,200,COMPLETE,1.086194
173,491.39937929823816,2026-05-10 09:09:18.315257,2026-05-10 09:09:19.370003,0 days 00:00:01.054746,0.540623482442254,1,0.5933497970748067,0.8987301077288452,0.17764813571949103,0.11037501088109025,10,29,210,COMPLETE,1.054746
174,486.91784140109485,2026-05-10 09:09:19.457942,2026-05-10 09:09:20.610101,0 days 00:00:01.152159,0.5557904157762573,1,0.9468028356301281,2.0076127167376807,0.13294595469575712,0.2466766302417251,10,22,198,COMPLETE,1.152159
175,485.25994720021015,2026-05-10 09:09:20.709332,2026-05-10 09:09:21.722329,0 days 00:00:01.012997,0.5208840624200579,1,0.978698695483632,1.1338207801980564,0.054716105851987086,0.14740266282437825,10,24,193,COMPLETE,1.012997
176,490.9960235796545,2026-05-10 09:09:21.808078,2026-05-10 09:09:23.595847,0 days 00:00:01.787769,0.5341475487960995,1,0.9596417028586952,0.5212961227008623,0.09013433093528411,0.010062404642051916,11,19,205,COMPLETE,1.787769
177,481.4453537434818,2026-05-10 09:09:23.683486,2026-05-10 09:09:24.810313,0 days 00:00:01.126827,0.5467978033455909,1,0.926742192587527,0.010255986106864843,0.8842918956022563,0.1610032334993082,10,27,178,COMPLETE,1.126827
178,481.49433707381183,2026-05-10 09:09:24.900198,2026-05-10 09:09:26.020486,0 days 00:00:01.120288,0.5151615829862667,1,0.9511046701067288,0.03377625206758918,0.03586770374701164,0.18052018620923374,11,29,187,COMPLETE,1.120288
179,490.15594736676286,2026-05-10 09:09:26.115323,2026-05-10 09:09:27.200389,0 days 00:00:01.085066,0.5563689928237155,1,0.9705692156449343,3.5532907079776894,7.688379185657735,0.13289318476068643,10,25,215,COMPLETE,1.085066
180,498.69839079368177,2026-05-10 09:09:27.289907,2026-05-10 09:09:28.537272,0 days 00:00:01.247365,0.9425678019482275,2,0.9815499064395385,0.2618735712526823,1.6661920393699894,0.2089641256252302,8,31,201,COMPLETE,1.247365
181,477.5438059623533,2026-05-10 09:09:28.641465,2026-05-10 09:09:29.787103,0 days 00:00:01.145638,0.5409925459991584,1,0.9602429491910448,0.00048369929117460833,0.11334776303280657,0.11779590091505253,10,26,204,COMPLETE,1.145638
182,492.7985422127982,2026-05-10 09:09:29.873110,2026-05-10 09:09:30.982050,0 days 00:00:01.108940,0.5400926435824759,1,0.7338900478618661,0.0005426392047432968,0.13202434466590363,0.11927433216940592,10,23,210,COMPLETE,1.10894
183,491.58887572112326,2026-05-10 09:09:31.089748,2026-05-10 09:09:32.277128,0 days 00:00:01.187380,0.5294895397159476,1,0.9632722849971824,0.0003383494094165423,0.06938899459195266,0.0912398072950084,9,27,205,COMPLETE,1.18738
184,485.77408844816716,2026-05-10 09:09:32.365906,2026-05-10 09:09:33.520586,0 days 00:00:01.154680,0.5687560746320696,1,0.9369158361841761,0.0012252796099987368,0.08610063791441298,0.10345352976269218,10,21,196,COMPLETE,1.15468
185,478.7375681273432,2026-05-10 09:09:33.607596,2026-05-10 09:09:34.714252,0 days 00:00:01.106656,0.5475094858986823,1,0.9485797698780081,0.000712732972814913,0.04695228858085068,0.14045577731627643,10,25,191,COMPLETE,1.106656
186,485.5700721704652,2026-05-10 09:09:34.807981,2026-05-10 09:09:35.786723,0 days 00:00:00.978742,0.5485044921527908,1,0.7202620599643326,0.00048229026366461864,0.049637693709077606,0.13979859984821846,11,26,185,COMPLETE,0.978742
187,477.71085675054957,2026-05-10 09:09:35.874174,2026-05-10 09:09:36.981521,0 days 00:00:01.107347,0.575938791219278,1,0.9500648963517756,0.0008036922198775604,0.04142100121898248,0.11996900396047704,5,29,193,COMPLETE,1.107347
188,487.00575826402667,2026-05-10 09:09:37.093230,2026-05-10 09:09:38.274217,0 days 00:00:01.180987,0.5758498862576744,1,0.9728142960540505,0.0005570647386520739,0.03161220937597852,0.07610413726999812,5,30,219,COMPLETE,1.180987
189,491.8840135902974,2026-05-10 09:09:38.374564,2026-05-10 09:09:39.360785,0 days 00:00:00.986221,0.6527645079906922,1,0.9566459558968058,0.00016375200215919093,0.06236755721441195,0.11439602176836765,3,28,207,COMPLETE,0.986221
